[debug] [2026-06-19T23:06:32.076Z] ----------------------------------------------------------------------
[debug] [2026-06-19T23:06:32.079Z] Command:       C:\Program Files\nodejs\node.exe C:\Users\Omat\AppData\Local\npm-cache\_npx\7750544ccf494d8b\node_modules\firebase-tools\lib\bin\firebase.js auth:export C:\Users\Omat\AppData\Local\Temp\preciojusto-auth-users.json --project preciojustopruebas2 --format=json
[debug] [2026-06-19T23:06:32.080Z] CLI Version:   15.22.0
[debug] [2026-06-19T23:06:32.080Z] Platform:      win32
[debug] [2026-06-19T23:06:32.080Z] Node Version:  v22.13.0
[debug] [2026-06-19T23:06:32.081Z] Detected Agent: codex_cli
[debug] [2026-06-19T23:06:32.081Z] Time:          Fri Jun 19 2026 20:06:32 GMT-0300 (hora estándar de Uruguay)
[debug] [2026-06-19T23:06:32.082Z] ----------------------------------------------------------------------
[debug] 
[debug] [2026-06-19T23:06:32.418Z] > command requires scopes: ["email","openid","https://www.googleapis.com/auth/cloudplatformprojects.readonly","https://www.googleapis.com/auth/firebase","https://www.googleapis.com/auth/cloud-platform"]
[debug] [2026-06-19T23:06:32.419Z] > authorizing via signed-in user (leodevapps.75@gmail.com)
[debug] [2026-06-19T23:06:32.419Z] [iam] checking project preciojustopruebas2 for permissions ["firebase.projects.get","firebaseauth.users.get"]
[debug] [2026-06-19T23:06:32.422Z] Checked if tokens are valid: false, expires at: 1781871515083
[debug] [2026-06-19T23:06:32.422Z] Checked if tokens are valid: false, expires at: 1781871515083
[debug] [2026-06-19T23:06:32.422Z] > refreshing access token with scopes: []
[debug] [2026-06-19T23:06:32.425Z] >>> [apiv2][query] POST https://www.googleapis.com/oauth2/v3/token [none]
[debug] [2026-06-19T23:06:32.425Z] >>> [apiv2][body] POST https://www.googleapis.com/oauth2/v3/token [omitted]
[debug] [2026-06-19T23:06:32.643Z] <<< [apiv2][status] POST https://www.googleapis.com/oauth2/v3/token 200
[debug] [2026-06-19T23:06:32.644Z] <<< [apiv2][body] POST https://www.googleapis.com/oauth2/v3/token [omitted]
[debug] [2026-06-19T23:06:32.653Z] >>> [apiv2][query] POST https://cloudresourcemanager.googleapis.com/v1/projects/preciojustopruebas2:testIamPermissions [none]
[debug] [2026-06-19T23:06:32.653Z] >>> [apiv2][(partial)header] POST https://cloudresourcemanager.googleapis.com/v1/projects/preciojustopruebas2:testIamPermissions  x-goog-user-project=preciojustopruebas2
[debug] [2026-06-19T23:06:32.653Z] >>> [apiv2][body] POST https://cloudresourcemanager.googleapis.com/v1/projects/preciojustopruebas2:testIamPermissions {"permissions":["firebase.projects.get","firebaseauth.users.get"]}
[debug] [2026-06-19T23:06:33.569Z] <<< [apiv2][status] POST https://cloudresourcemanager.googleapis.com/v1/projects/preciojustopruebas2:testIamPermissions 200
[debug] [2026-06-19T23:06:33.570Z] <<< [apiv2][body] POST https://cloudresourcemanager.googleapis.com/v1/projects/preciojustopruebas2:testIamPermissions {"permissions":["firebase.projects.get","firebaseauth.users.get"]}
[info] Exporting accounts to C:\Users\Omat\AppData\Local\Temp\preciojusto-auth-users.json
[debug] [2026-06-19T23:06:33.572Z] Checked if tokens are valid: true, expires at: 1781913991644
[debug] [2026-06-19T23:06:33.572Z] Checked if tokens are valid: true, expires at: 1781913991644
[debug] [2026-06-19T23:06:33.572Z] >>> [apiv2][query] POST https://www.googleapis.com/identitytoolkit/v3/relyingparty/downloadAccount [none]
[debug] [2026-06-19T23:06:33.573Z] >>> [apiv2][body] POST https://www.googleapis.com/identitytoolkit/v3/relyingparty/downloadAccount {"targetProjectId":"preciojustopruebas2","maxResults":1000}
[debug] [2026-06-19T23:06:33.855Z] <<< [apiv2][status] POST https://www.googleapis.com/identitytoolkit/v3/relyingparty/downloadAccount 200
[debug] [2026-06-19T23:06:33.855Z] <<< [apiv2][body] POST https://www.googleapis.com/identitytoolkit/v3/relyingparty/downloadAccount [omitted]
[info] +  Exported 8 account(s) successfully. 
[debug] [2026-06-19T23:10:26.519Z] ----------------------------------------------------------------------
[debug] [2026-06-19T23:10:26.523Z] Command:       C:\Program Files\nodejs\node.exe C:\Users\Omat\AppData\Local\npm-cache\_npx\7750544ccf494d8b\node_modules\firebase-tools\lib\bin\firebase.js auth:export C:\Users\Omat\AppData\Local\Temp\preciojusto-auth-users-final.json --project preciojustopruebas2 --format=json
[debug] [2026-06-19T23:10:26.524Z] CLI Version:   15.22.0
[debug] [2026-06-19T23:10:26.524Z] Platform:      win32
[debug] [2026-06-19T23:10:26.524Z] Node Version:  v22.13.0
[debug] [2026-06-19T23:10:26.525Z] Detected Agent: codex_cli
[debug] [2026-06-19T23:10:26.525Z] Time:          Fri Jun 19 2026 20:10:26 GMT-0300 (hora estándar de Uruguay)
[debug] [2026-06-19T23:10:26.525Z] ----------------------------------------------------------------------
[debug] 
[debug] [2026-06-19T23:10:26.868Z] > command requires scopes: ["email","openid","https://www.googleapis.com/auth/cloudplatformprojects.readonly","https://www.googleapis.com/auth/firebase","https://www.googleapis.com/auth/cloud-platform"]
[debug] [2026-06-19T23:10:26.868Z] > authorizing via signed-in user (leodevapps.75@gmail.com)
[debug] [2026-06-19T23:10:26.868Z] [iam] checking project preciojustopruebas2 for permissions ["firebase.projects.get","firebaseauth.users.get"]
[debug] [2026-06-19T23:10:26.870Z] Checked if tokens are valid: true, expires at: 1781913991644
[debug] [2026-06-19T23:10:26.871Z] Checked if tokens are valid: true, expires at: 1781913991644
[debug] [2026-06-19T23:10:26.873Z] >>> [apiv2][query] POST https://cloudresourcemanager.googleapis.com/v1/projects/preciojustopruebas2:testIamPermissions [none]
[debug] [2026-06-19T23:10:26.873Z] >>> [apiv2][(partial)header] POST https://cloudresourcemanager.googleapis.com/v1/projects/preciojustopruebas2:testIamPermissions  x-goog-user-project=preciojustopruebas2
[debug] [2026-06-19T23:10:26.873Z] >>> [apiv2][body] POST https://cloudresourcemanager.googleapis.com/v1/projects/preciojustopruebas2:testIamPermissions {"permissions":["firebase.projects.get","firebaseauth.users.get"]}
[debug] [2026-06-19T23:10:27.829Z] <<< [apiv2][status] POST https://cloudresourcemanager.googleapis.com/v1/projects/preciojustopruebas2:testIamPermissions 200
[debug] [2026-06-19T23:10:27.829Z] <<< [apiv2][body] POST https://cloudresourcemanager.googleapis.com/v1/projects/preciojustopruebas2:testIamPermissions {"permissions":["firebase.projects.get","firebaseauth.users.get"]}
[info] Exporting accounts to C:\Users\Omat\AppData\Local\Temp\preciojusto-auth-users-final.json
[debug] [2026-06-19T23:10:27.831Z] Checked if tokens are valid: true, expires at: 1781913991644
[debug] [2026-06-19T23:10:27.831Z] Checked if tokens are valid: true, expires at: 1781913991644
[debug] [2026-06-19T23:10:27.831Z] >>> [apiv2][query] POST https://www.googleapis.com/identitytoolkit/v3/relyingparty/downloadAccount [none]
[debug] [2026-06-19T23:10:27.831Z] >>> [apiv2][body] POST https://www.googleapis.com/identitytoolkit/v3/relyingparty/downloadAccount {"targetProjectId":"preciojustopruebas2","maxResults":1000}
[debug] [2026-06-19T23:10:28.126Z] <<< [apiv2][status] POST https://www.googleapis.com/identitytoolkit/v3/relyingparty/downloadAccount 200
[debug] [2026-06-19T23:10:28.126Z] <<< [apiv2][body] POST https://www.googleapis.com/identitytoolkit/v3/relyingparty/downloadAccount [omitted]
[info] +  Exported 1 account(s) successfully. 
[debug] [2026-06-19T23:12:47.638Z] ----------------------------------------------------------------------
[debug] [2026-06-19T23:12:47.643Z] Command:       C:\Program Files\nodejs\node.exe C:\Users\Omat\AppData\Local\npm-cache\_npx\7750544ccf494d8b\node_modules\firebase-tools\lib\bin\firebase.js auth:export C:\Users\Omat\AppData\Local\Temp\preciojusto-auth-users-check.json --project preciojustopruebas2 --format=json
[debug] [2026-06-19T23:12:47.643Z] CLI Version:   15.22.0
[debug] [2026-06-19T23:12:47.644Z] Platform:      win32
[debug] [2026-06-19T23:12:47.644Z] Node Version:  v22.13.0
[debug] [2026-06-19T23:12:47.644Z] Detected Agent: codex_cli
[debug] [2026-06-19T23:12:47.645Z] Time:          Fri Jun 19 2026 20:12:47 GMT-0300 (hora estándar de Uruguay)
[debug] [2026-06-19T23:12:47.645Z] ----------------------------------------------------------------------
[debug] 
[debug] [2026-06-19T23:12:48.016Z] > command requires scopes: ["email","openid","https://www.googleapis.com/auth/cloudplatformprojects.readonly","https://www.googleapis.com/auth/firebase","https://www.googleapis.com/auth/cloud-platform"]
[debug] [2026-06-19T23:12:48.017Z] > authorizing via signed-in user (leodevapps.75@gmail.com)
[debug] [2026-06-19T23:12:48.017Z] [iam] checking project preciojustopruebas2 for permissions ["firebase.projects.get","firebaseauth.users.get"]
[debug] [2026-06-19T23:12:48.019Z] Checked if tokens are valid: true, expires at: 1781913991644
[debug] [2026-06-19T23:12:48.019Z] Checked if tokens are valid: true, expires at: 1781913991644
[debug] [2026-06-19T23:12:48.021Z] >>> [apiv2][query] POST https://cloudresourcemanager.googleapis.com/v1/projects/preciojustopruebas2:testIamPermissions [none]
[debug] [2026-06-19T23:12:48.021Z] >>> [apiv2][(partial)header] POST https://cloudresourcemanager.googleapis.com/v1/projects/preciojustopruebas2:testIamPermissions  x-goog-user-project=preciojustopruebas2
[debug] [2026-06-19T23:12:48.021Z] >>> [apiv2][body] POST https://cloudresourcemanager.googleapis.com/v1/projects/preciojustopruebas2:testIamPermissions {"permissions":["firebase.projects.get","firebaseauth.users.get"]}
[debug] [2026-06-19T23:12:48.976Z] <<< [apiv2][status] POST https://cloudresourcemanager.googleapis.com/v1/projects/preciojustopruebas2:testIamPermissions 200
[debug] [2026-06-19T23:12:48.977Z] <<< [apiv2][body] POST https://cloudresourcemanager.googleapis.com/v1/projects/preciojustopruebas2:testIamPermissions {"permissions":["firebase.projects.get","firebaseauth.users.get"]}
[info] Exporting accounts to C:\Users\Omat\AppData\Local\Temp\preciojusto-auth-users-check.json
[debug] [2026-06-19T23:12:48.979Z] Checked if tokens are valid: true, expires at: 1781913991644
[debug] [2026-06-19T23:12:48.979Z] Checked if tokens are valid: true, expires at: 1781913991644
[debug] [2026-06-19T23:12:48.979Z] >>> [apiv2][query] POST https://www.googleapis.com/identitytoolkit/v3/relyingparty/downloadAccount [none]
[debug] [2026-06-19T23:12:48.980Z] >>> [apiv2][body] POST https://www.googleapis.com/identitytoolkit/v3/relyingparty/downloadAccount {"targetProjectId":"preciojustopruebas2","maxResults":1000}
[debug] [2026-06-19T23:12:49.375Z] <<< [apiv2][status] POST https://www.googleapis.com/identitytoolkit/v3/relyingparty/downloadAccount 200
[debug] [2026-06-19T23:12:49.376Z] <<< [apiv2][body] POST https://www.googleapis.com/identitytoolkit/v3/relyingparty/downloadAccount [omitted]
[info] +  Exported 2 account(s) successfully. 
[debug] [2026-06-19T23:16:11.623Z] ----------------------------------------------------------------------
[debug] [2026-06-19T23:16:11.630Z] Command:       C:\Program Files\nodejs\node.exe C:\Users\Omat\AppData\Local\npm-cache\_npx\7750544ccf494d8b\node_modules\firebase-tools\lib\bin\firebase.js auth:export C:\Users\Omat\AppData\Local\Temp\preciojusto-auth-users-clean03.json --project preciojustopruebas2 --format=json
[debug] [2026-06-19T23:16:11.631Z] CLI Version:   15.22.0
[debug] [2026-06-19T23:16:11.632Z] Platform:      win32
[debug] [2026-06-19T23:16:11.632Z] Node Version:  v22.13.0
[debug] [2026-06-19T23:16:11.633Z] Detected Agent: codex_cli
[debug] [2026-06-19T23:16:11.633Z] Time:          Fri Jun 19 2026 20:16:11 GMT-0300 (hora estándar de Uruguay)
[debug] [2026-06-19T23:16:11.633Z] ----------------------------------------------------------------------
[debug] 
[debug] [2026-06-19T23:16:12.050Z] > command requires scopes: ["email","openid","https://www.googleapis.com/auth/cloudplatformprojects.readonly","https://www.googleapis.com/auth/firebase","https://www.googleapis.com/auth/cloud-platform"]
[debug] [2026-06-19T23:16:12.050Z] > authorizing via signed-in user (leodevapps.75@gmail.com)
[debug] [2026-06-19T23:16:12.051Z] [iam] checking project preciojustopruebas2 for permissions ["firebase.projects.get","firebaseauth.users.get"]
[debug] [2026-06-19T23:16:12.053Z] Checked if tokens are valid: true, expires at: 1781913991644
[debug] [2026-06-19T23:16:12.053Z] Checked if tokens are valid: true, expires at: 1781913991644
[debug] [2026-06-19T23:16:12.054Z] >>> [apiv2][query] POST https://cloudresourcemanager.googleapis.com/v1/projects/preciojustopruebas2:testIamPermissions [none]
[debug] [2026-06-19T23:16:12.055Z] >>> [apiv2][(partial)header] POST https://cloudresourcemanager.googleapis.com/v1/projects/preciojustopruebas2:testIamPermissions  x-goog-user-project=preciojustopruebas2
[debug] [2026-06-19T23:16:12.055Z] >>> [apiv2][body] POST https://cloudresourcemanager.googleapis.com/v1/projects/preciojustopruebas2:testIamPermissions {"permissions":["firebase.projects.get","firebaseauth.users.get"]}
[debug] [2026-06-19T23:16:13.049Z] <<< [apiv2][status] POST https://cloudresourcemanager.googleapis.com/v1/projects/preciojustopruebas2:testIamPermissions 200
[debug] [2026-06-19T23:16:13.049Z] <<< [apiv2][body] POST https://cloudresourcemanager.googleapis.com/v1/projects/preciojustopruebas2:testIamPermissions {"permissions":["firebase.projects.get","firebaseauth.users.get"]}
[info] Exporting accounts to C:\Users\Omat\AppData\Local\Temp\preciojusto-auth-users-clean03.json
[debug] [2026-06-19T23:16:13.051Z] Checked if tokens are valid: true, expires at: 1781913991644
[debug] [2026-06-19T23:16:13.051Z] Checked if tokens are valid: true, expires at: 1781913991644
[debug] [2026-06-19T23:16:13.051Z] >>> [apiv2][query] POST https://www.googleapis.com/identitytoolkit/v3/relyingparty/downloadAccount [none]
[debug] [2026-06-19T23:16:13.051Z] >>> [apiv2][body] POST https://www.googleapis.com/identitytoolkit/v3/relyingparty/downloadAccount {"targetProjectId":"preciojustopruebas2","maxResults":1000}
[debug] [2026-06-19T23:16:13.338Z] <<< [apiv2][status] POST https://www.googleapis.com/identitytoolkit/v3/relyingparty/downloadAccount 200
[debug] [2026-06-19T23:16:13.338Z] <<< [apiv2][body] POST https://www.googleapis.com/identitytoolkit/v3/relyingparty/downloadAccount [omitted]
[info] +  Exported 2 account(s) successfully. 
[debug] [2026-06-19T23:16:31.022Z] ----------------------------------------------------------------------
[debug] [2026-06-19T23:16:31.029Z] Command:       C:\Program Files\nodejs\node.exe C:\Users\Omat\AppData\Local\npm-cache\_npx\7750544ccf494d8b\node_modules\firebase-tools\lib\bin\firebase.js firestore:delete usuarios/DrpGiJhmV5QirIBS30VGqJB220U2 --recursive --project preciojustopruebas2 --force
[debug] [2026-06-19T23:16:31.031Z] CLI Version:   15.22.0
[debug] [2026-06-19T23:16:31.031Z] Platform:      win32
[debug] [2026-06-19T23:16:31.031Z] Node Version:  v22.13.0
[debug] [2026-06-19T23:16:31.032Z] Detected Agent: codex_cli
[debug] [2026-06-19T23:16:31.032Z] Time:          Fri Jun 19 2026 20:16:31 GMT-0300 (hora estándar de Uruguay)
[debug] [2026-06-19T23:16:31.032Z] ----------------------------------------------------------------------
[debug] 
[debug] [2026-06-19T23:16:34.040Z] > command requires scopes: ["email","openid","https://www.googleapis.com/auth/cloudplatformprojects.readonly","https://www.googleapis.com/auth/firebase","https://www.googleapis.com/auth/cloud-platform"]
[debug] [2026-06-19T23:16:34.041Z] > authorizing via signed-in user (leodevapps.75@gmail.com)
[debug] [2026-06-19T23:16:34.041Z] [iam] checking project preciojustopruebas2 for permissions ["datastore.entities.delete","datastore.entities.list","firebase.projects.get"]
[debug] [2026-06-19T23:16:34.043Z] Checked if tokens are valid: true, expires at: 1781913991644
[debug] [2026-06-19T23:16:34.044Z] Checked if tokens are valid: true, expires at: 1781913991644
[debug] [2026-06-19T23:16:34.048Z] >>> [apiv2][query] POST https://cloudresourcemanager.googleapis.com/v1/projects/preciojustopruebas2:testIamPermissions [none]
[debug] [2026-06-19T23:16:34.049Z] >>> [apiv2][(partial)header] POST https://cloudresourcemanager.googleapis.com/v1/projects/preciojustopruebas2:testIamPermissions  x-goog-user-project=preciojustopruebas2
[debug] [2026-06-19T23:16:34.049Z] >>> [apiv2][body] POST https://cloudresourcemanager.googleapis.com/v1/projects/preciojustopruebas2:testIamPermissions {"permissions":["datastore.entities.delete","datastore.entities.list","firebase.projects.get"]}
[debug] [2026-06-19T23:16:35.003Z] <<< [apiv2][status] POST https://cloudresourcemanager.googleapis.com/v1/projects/preciojustopruebas2:testIamPermissions 200
[debug] [2026-06-19T23:16:35.004Z] <<< [apiv2][body] POST https://cloudresourcemanager.googleapis.com/v1/projects/preciojustopruebas2:testIamPermissions {"permissions":["datastore.entities.delete","datastore.entities.list","firebase.projects.get"]}
[debug] [2026-06-19T23:16:35.006Z] Checked if tokens are valid: true, expires at: 1781913991644
[debug] [2026-06-19T23:16:35.007Z] Checked if tokens are valid: true, expires at: 1781913991644
[debug] [2026-06-19T23:16:35.007Z] >>> [apiv2][query] DELETE https://firestore.googleapis.com/v1/projects/preciojustopruebas2/databases/(default)/documents/usuarios/DrpGiJhmV5QirIBS30VGqJB220U2 [none]
[debug] [2026-06-19T23:16:35.369Z] <<< [apiv2][status] DELETE https://firestore.googleapis.com/v1/projects/preciojustopruebas2/databases/(default)/documents/usuarios/DrpGiJhmV5QirIBS30VGqJB220U2 200
[debug] [2026-06-19T23:16:35.370Z] <<< [apiv2][body] DELETE https://firestore.googleapis.com/v1/projects/preciojustopruebas2/databases/(default)/documents/usuarios/DrpGiJhmV5QirIBS30VGqJB220U2 {}
[debug] [2026-06-19T23:16:35.379Z] Checked if tokens are valid: true, expires at: 1781913991644
[debug] [2026-06-19T23:16:35.380Z] Checked if tokens are valid: true, expires at: 1781913991644
[debug] [2026-06-19T23:16:35.382Z] >>> [apiv2][query] POST https://firestore.googleapis.com/v1/projects/preciojustopruebas2/databases/(default)/documents/usuarios/DrpGiJhmV5QirIBS30VGqJB220U2:runQuery [none]
[debug] [2026-06-19T23:16:35.383Z] >>> [apiv2][body] POST https://firestore.googleapis.com/v1/projects/preciojustopruebas2/databases/(default)/documents/usuarios/DrpGiJhmV5QirIBS30VGqJB220U2:runQuery {"structuredQuery":{"limit":7500,"from":[{"allDescendants":true}],"select":{"fields":[{"fieldPath":"__name__"}]},"orderBy":[{"field":{"fieldPath":"__name__"}}]}}
[debug] [2026-06-19T23:16:36.175Z] <<< [apiv2][status] POST https://firestore.googleapis.com/v1/projects/preciojustopruebas2/databases/(default)/documents/usuarios/DrpGiJhmV5QirIBS30VGqJB220U2:runQuery 200
[debug] [2026-06-19T23:16:36.175Z] <<< [apiv2][body] POST https://firestore.googleapis.com/v1/projects/preciojustopruebas2/databases/(default)/documents/usuarios/DrpGiJhmV5QirIBS30VGqJB220U2:runQuery [{"document":{"name":"projects/preciojustopruebas2/databases/(default)/documents/usuarios/DrpGiJhmV5QirIBS30VGqJB220U2/productos/1774174300837kdqyjkaou","createTime":"2026-06-19T23:12:36.230252Z","updateTime":"2026-06-19T23:12:53.295667Z"},"readTime":"2026-06-19T23:16:35.711861Z"},{"document":{"name":"projects/preciojustopruebas2/databases/(default)/documents/usuarios/DrpGiJhmV5QirIBS30VGqJB220U2/productos/1774174300837kdqyjkaou/precios/precio-1781910756975","createTime":"2026-06-19T23:12:37.052923Z","updateTime":"2026-06-19T23:12:37.052923Z"},"readTime":"2026-06-19T23:16:35.711861Z"},{"document":{"name":"projects/preciojustopruebas2/databases/(default)/documents/usuarios/DrpGiJhmV5QirIBS30VGqJB220U2/productos/1774308190827zfuahgcoo","createTime":"2026-06-19T23:12:52.429518Z","updateTime":"2026-06-19T23:14:35.190469Z"},"readTime":"2026-06-19T23:16:35.711861Z"},{"document":{"name":"projects/preciojustopruebas2/databases/(default)/documents/usuarios/DrpGiJhmV5QirIBS30VGqJB220U2/productos/1774308190827zfuahgcoo/precios/1774956021973qpmur62fj","createTime":"2026-06-19T23:12:53.651443Z","updateTime":"2026-06-19T23:14:36.280050Z"},"readTime":"2026-06-19T23:16:35.711861Z"},{"document":{"name":"projects/preciojustopruebas2/databases/(default)/documents/usuarios/DrpGiJhmV5QirIBS30VGqJB220U2/productos/1774308190827zfuahgcoo/precios/1774956103372cfc7k2a2b","createTime":"2026-06-19T23:12:54.220461Z","updateTime":"2026-06-19T23:14:36.854910Z"},"readTime":"2026-06-19T23:16:35.711861Z"},{"document":{"name":"projects/preciojustopruebas2/databases/(default)/documents/usuarios/DrpGiJhmV5QirIBS30VGqJB220U2/productos/1774308190827zfuahgcoo/precios/17749561735635il8kojih","createTime":"2026-06-19T23:12:54.776525Z","updateTime":"2026-06-19T23:14:37.423414Z"},"readTime":"2026-06-19T23:16:35.711861Z"},{"document":{"name":"projects/preciojustopruebas2/databases/(default)/documents/usuarios/DrpGiJhmV5QirIBS30VGqJB220U2/productos/1774308190827zfuahgcoo/precios/17749562529512xzkqsynn","createTime":"2026-06-19T23:12:55.354255Z","updateTime":"2026-06-19T23:14:37.968285Z"},"readTime":"2026-06-19T23:16:35.711861Z"},{"document":{"name":"projects/preciojustopruebas2/databases/(default)/documents/usuarios/DrpGiJhmV5QirIBS30VGqJB220U2/productos/1774308190827zfuahgcoo/precios/1775739287378jfqqlif7u","createTime":"2026-06-19T23:12:55.906026Z","updateTime":"2026-06-19T23:14:38.512606Z"},"readTime":"2026-06-19T23:16:35.711861Z"},{"document":{"name":"projects/preciojustopruebas2/databases/(default)/documents/usuarios/DrpGiJhmV5QirIBS30VGqJB220U2/productos/1774308190827zfuahgcoo/precios/precio-1781910773215","createTime":"2026-06-19T23:12:53.055180Z","updateTime":"2026-06-19T23:12:53.055180Z"},"readTime":"2026-06-19T23:16:35.711861Z"},{"document":{"name":"projects/preciojustopruebas2/databases/(default)/documents/usuarios/DrpGiJhmV5QirIBS30VGqJB220U2/productos/1774308190827zfuahgcoo/precios/precio-1781910875913","createTime":"2026-06-19T23:14:35.742709Z","updateTime":"2026-06-19T23:14:35.742709Z"},"readTime":"2026-06-19T23:16:35.711861Z"},{"document":{"name":"projects/preciojustopruebas2/databases/(default)/documents/usuarios/DrpGiJhmV5QirIBS30VGqJB220U2/productos/17745177863722i59moylt","createTime":"2026-06-19T23:13:11.618390Z","updateTime":"2026-06-19T23:14:54.175714Z"},"readTime":"2026-06-19T23:16:35.711861Z"},{"document":{"name":"projects/preciojustopruebas2/databases/(default)/documents/usuarios/DrpGiJhmV5QirIBS30VGqJB220U2/productos/17745177863722i59moylt/precios/1775565025783krvnv9saz","createTime":"2026-06-19T23:13:12.934918Z","updateTime":"2026-06-19T23:14:55.368959Z"},"readTime":"2026-06-19T23:16:35.711861Z"},{"document":{"name":"projects/preciojustopruebas2/databases/(default)/documents/usuarios/DrpGiJhmV5QirIBS30VGqJB220U2/productos/17745177863722i59moylt/precios/1775596874223fi37vcr5g","createTime":"2026-06-19T23:13:13.585012Z","updateTime":"2026-06-19T23:14:55.926681Z"},"readTime":"2026-06-19T23:16:35.711861Z"},{"document":{"name":"projects/preciojustopruebas2/databases/(default)/documents/usuarios/DrpGiJhmV5QirIBS30VGqJB220U2/productos/17745177863722i59moylt/precios/1776938049856evh6j0xkc","createTime":"2026-06-19T23:13:14.228035Z","updateTime":"2026-06-19T23:14:56.485501Z"},"readTime":"2026-06-19T23:16:35.711861Z"},{"document":{"name":"projects/preciojustopruebas2/databases/(default)/documents/usuarios/DrpGiJhmV5QirIBS30VGqJB220U2/productos/17745177863722i59moylt/precios/precio-1781910792371","createTime":"2026-06-19T23:13:12.227586Z","updateTime":"2026-06-19T23:13:12.227586Z"},"readTime":"2026-06-19T23:16:35.711861Z"},{"document":{"name":"projects/preciojustopruebas2/databases/(default)/documents/usuarios/DrpGiJhmV5QirIBS30VGqJB220U2/productos/17745177863722i59moylt/precios/precio-1781910894910","createTime":"2026-06-19T23:14:54.804119Z","updateTime":"2026-06-19T23:14:54.804119Z"},"readTime":"2026-06-19T23:16:35.711861Z"},{"document":{"name":"projects/preciojustopruebas2/databases/(default)/documents/usuarios/DrpGiJhmV5QirIBS30VGqJB220U2/productos/1775737458352s74b1pdiw","createTime":"2026-06-19T23:13:29.925439Z","updateTime":"2026-06-19T23:15:11.825076Z"},"readTime":"2026-06-19T23:16:35.711861Z"},{"document":{"name":"projects/preciojustopruebas2/databases/(default)/documents/usuarios/DrpGiJhmV5QirIBS30VGqJB220U2/productos/1775737458352s74b1pdiw/precios/1775737491500oeh7u9blj","createTime":"2026-06-19T23:13:31.083408Z","updateTime":"2026-06-19T23:15:13.125351Z"},"readTime":"2026-06-19T23:16:35.711861Z"},{"document":{"name":"projects/preciojustopruebas2/databases/(default)/documents/usuarios/DrpGiJhmV5QirIBS30VGqJB220U2/productos/1775737458352s74b1pdiw/precios/1777326413783h0rrb4v3y","createTime":"2026-06-19T23:13:31.655196Z","updateTime":"2026-06-19T23:15:13.660631Z"},"readTime":"2026-06-19T23:16:35.711861Z"},{"document":{"name":"projects/preciojustopruebas2/databases/(default)/documents/usuarios/DrpGiJhmV5QirIBS30VGqJB220U2/productos/1775737458352s74b1pdiw/precios/precio-1781910810683","createTime":"2026-06-19T23:13:30.509604Z","updateTime":"2026-06-19T23:13:30.509604Z"},"readTime":"2026-06-19T23:16:35.711861Z"},{"document":{"name":"projects/preciojustopruebas2/databases/(default)/documents/usuarios/DrpGiJhmV5QirIBS30VGqJB220U2/productos/1775737458352s74b1pdiw/precios/precio-1781910912778","createTime":"2026-06-19T23:15:12.572351Z","updateTime":"2026-06-19T23:15:12.572351Z"},"readTime":"2026-06-19T23:16:35.711861Z"},{"document":{"name":"projects/preciojustopruebas2/databases/(default)/documents/usuarios/DrpGiJhmV5QirIBS30VGqJB220U2/productos/1779487828326eqjnhwfgb","createTime":"2026-06-19T23:13:47.494893Z","updateTime":"2026-06-19T23:15:29.342874Z"},"readTime":"2026-06-19T23:16:35.711861Z"},{"document":{"name":"projects/preciojustopruebas2/databases/(default)/documents/usuarios/DrpGiJhmV5QirIBS30VGqJB220U2/productos/1779487828326eqjnhwfgb/precios/precio-1779487830477","createTime":"2026-06-19T23:13:48.109846Z","updateTime":"2026-06-19T23:15:29.880109Z"},"readTime":"2026-06-19T23:16:35.711861Z"},{"document":{"name":"projects/preciojustopruebas2/databases/(default)/documents/usuarios/DrpGiJhmV5QirIBS30VGqJB220U2/productos/1779488008439eimyczy6l","createTime":"2026-06-19T23:14:03.477158Z","updateTime":"2026-06-19T23:15:45.210456Z"},"readTime":"2026-06-19T23:16:35.711861Z"},{"document":{"name":"projects/preciojustopruebas2/databases/(default)/documents/usuarios/DrpGiJhmV5QirIBS30VGqJB220U2/productos/1779488008439eimyczy6l/precios/1781906859719wabya8prs","createTime":"2026-06-19T23:14:04.956786Z","updateTime":"2026-06-19T23:15:46.313870Z"},"readTime":"2026-06-19T23:16:35.711861Z"},{"document":{"name":"projects/preciojustopruebas2/databases/(default)/documents/usuarios/DrpGiJhmV5QirIBS30VGqJB220U2/productos/1779488008439eimyczy6l/precios/precio-1779488010805","createTime":"2026-06-19T23:14:04.333808Z","updateTime":"2026-06-19T23:15:45.779542Z"},"readTime":"2026-06-19T23:16:35.711861Z"}]
[debug] [2026-06-19T23:16:36.176Z] Checked if tokens are valid: true, expires at: 1781913991644
[debug] [2026-06-19T23:16:36.176Z] Checked if tokens are valid: true, expires at: 1781913991644
[debug] [2026-06-19T23:16:36.177Z] Checked if tokens are valid: true, expires at: 1781913991644
[debug] [2026-06-19T23:16:36.177Z] Checked if tokens are valid: true, expires at: 1781913991644
[debug] [2026-06-19T23:16:36.178Z] >>> [apiv2][query] POST https://firestore.googleapis.com/v1/projects/preciojustopruebas2/databases/(default)/documents/usuarios/DrpGiJhmV5QirIBS30VGqJB220U2:runQuery [none]
[debug] [2026-06-19T23:16:36.178Z] >>> [apiv2][body] POST https://firestore.googleapis.com/v1/projects/preciojustopruebas2/databases/(default)/documents/usuarios/DrpGiJhmV5QirIBS30VGqJB220U2:runQuery {"structuredQuery":{"limit":7500,"from":[{"allDescendants":true}],"select":{"fields":[{"fieldPath":"__name__"}]},"orderBy":[{"field":{"fieldPath":"__name__"}}],"startAt":{"values":[{"referenceValue":"projects/preciojustopruebas2/databases/(default)/documents/usuarios/DrpGiJhmV5QirIBS30VGqJB220U2/productos/1779488008439eimyczy6l/precios/precio-1779488010805"}],"before":false}}}
[debug] [2026-06-19T23:16:36.179Z] >>> [apiv2][query] POST https://firestore.googleapis.com/v1/projects/preciojustopruebas2/databases/(default)/documents:commit [none]
[debug] [2026-06-19T23:16:36.179Z] >>> [apiv2][body] POST https://firestore.googleapis.com/v1/projects/preciojustopruebas2/databases/(default)/documents:commit {"writes":[{"delete":"projects/preciojustopruebas2/databases/(default)/documents/usuarios/DrpGiJhmV5QirIBS30VGqJB220U2/productos/1774174300837kdqyjkaou"},{"delete":"projects/preciojustopruebas2/databases/(default)/documents/usuarios/DrpGiJhmV5QirIBS30VGqJB220U2/productos/1774174300837kdqyjkaou/precios/precio-1781910756975"},{"delete":"projects/preciojustopruebas2/databases/(default)/documents/usuarios/DrpGiJhmV5QirIBS30VGqJB220U2/productos/1774308190827zfuahgcoo"},{"delete":"projects/preciojustopruebas2/databases/(default)/documents/usuarios/DrpGiJhmV5QirIBS30VGqJB220U2/productos/1774308190827zfuahgcoo/precios/1774956021973qpmur62fj"},{"delete":"projects/preciojustopruebas2/databases/(default)/documents/usuarios/DrpGiJhmV5QirIBS30VGqJB220U2/productos/1774308190827zfuahgcoo/precios/1774956103372cfc7k2a2b"},{"delete":"projects/preciojustopruebas2/databases/(default)/documents/usuarios/DrpGiJhmV5QirIBS30VGqJB220U2/productos/1774308190827zfuahgcoo/precios/17749561735635il8kojih"},{"delete":"projects/preciojustopruebas2/databases/(default)/documents/usuarios/DrpGiJhmV5QirIBS30VGqJB220U2/productos/1774308190827zfuahgcoo/precios/17749562529512xzkqsynn"},{"delete":"projects/preciojustopruebas2/databases/(default)/documents/usuarios/DrpGiJhmV5QirIBS30VGqJB220U2/productos/1774308190827zfuahgcoo/precios/1775739287378jfqqlif7u"},{"delete":"projects/preciojustopruebas2/databases/(default)/documents/usuarios/DrpGiJhmV5QirIBS30VGqJB220U2/productos/1774308190827zfuahgcoo/precios/precio-1781910773215"},{"delete":"projects/preciojustopruebas2/databases/(default)/documents/usuarios/DrpGiJhmV5QirIBS30VGqJB220U2/productos/1774308190827zfuahgcoo/precios/precio-1781910875913"},{"delete":"projects/preciojustopruebas2/databases/(default)/documents/usuarios/DrpGiJhmV5QirIBS30VGqJB220U2/productos/17745177863722i59moylt"},{"delete":"projects/preciojustopruebas2/databases/(default)/documents/usuarios/DrpGiJhmV5QirIBS30VGqJB220U2/productos/17745177863722i59moylt/precios/1775565025783krvnv9saz"},{"delete":"projects/preciojustopruebas2/databases/(default)/documents/usuarios/DrpGiJhmV5QirIBS30VGqJB220U2/productos/17745177863722i59moylt/precios/1775596874223fi37vcr5g"},{"delete":"projects/preciojustopruebas2/databases/(default)/documents/usuarios/DrpGiJhmV5QirIBS30VGqJB220U2/productos/17745177863722i59moylt/precios/1776938049856evh6j0xkc"},{"delete":"projects/preciojustopruebas2/databases/(default)/documents/usuarios/DrpGiJhmV5QirIBS30VGqJB220U2/productos/17745177863722i59moylt/precios/precio-1781910792371"},{"delete":"projects/preciojustopruebas2/databases/(default)/documents/usuarios/DrpGiJhmV5QirIBS30VGqJB220U2/productos/17745177863722i59moylt/precios/precio-1781910894910"},{"delete":"projects/preciojustopruebas2/databases/(default)/documents/usuarios/DrpGiJhmV5QirIBS30VGqJB220U2/productos/1775737458352s74b1pdiw"},{"delete":"projects/preciojustopruebas2/databases/(default)/documents/usuarios/DrpGiJhmV5QirIBS30VGqJB220U2/productos/1775737458352s74b1pdiw/precios/1775737491500oeh7u9blj"},{"delete":"projects/preciojustopruebas2/databases/(default)/documents/usuarios/DrpGiJhmV5QirIBS30VGqJB220U2/productos/1775737458352s74b1pdiw/precios/1777326413783h0rrb4v3y"},{"delete":"projects/preciojustopruebas2/databases/(default)/documents/usuarios/DrpGiJhmV5QirIBS30VGqJB220U2/productos/1775737458352s74b1pdiw/precios/precio-1781910810683"},{"delete":"projects/preciojustopruebas2/databases/(default)/documents/usuarios/DrpGiJhmV5QirIBS30VGqJB220U2/productos/1775737458352s74b1pdiw/precios/precio-1781910912778"},{"delete":"projects/preciojustopruebas2/databases/(default)/documents/usuarios/DrpGiJhmV5QirIBS30VGqJB220U2/productos/1779487828326eqjnhwfgb"},{"delete":"projects/preciojustopruebas2/databases/(default)/documents/usuarios/DrpGiJhmV5QirIBS30VGqJB220U2/productos/1779487828326eqjnhwfgb/precios/precio-1779487830477"},{"delete":"projects/preciojustopruebas2/databases/(default)/documents/usuarios/DrpGiJhmV5QirIBS30VGqJB220U2/productos/1779488008439eimyczy6l"},{"delete":"projects/preciojustopruebas2/databases/(default)/documents/usuarios/DrpGiJhmV5QirIBS30VGqJB220U2/productos/1779488008439eimyczy6l/precios/1781906859719wabya8prs"},{"delete":"projects/preciojustopruebas2/databases/(default)/documents/usuarios/DrpGiJhmV5QirIBS30VGqJB220U2/productos/1779488008439eimyczy6l/precios/precio-1779488010805"}]}
[debug] [2026-06-19T23:16:36.472Z] <<< [apiv2][status] POST https://firestore.googleapis.com/v1/projects/preciojustopruebas2/databases/(default)/documents/usuarios/DrpGiJhmV5QirIBS30VGqJB220U2:runQuery 200
[debug] [2026-06-19T23:16:36.473Z] <<< [apiv2][body] POST https://firestore.googleapis.com/v1/projects/preciojustopruebas2/databases/(default)/documents/usuarios/DrpGiJhmV5QirIBS30VGqJB220U2:runQuery [{"readTime":"2026-06-19T23:16:36.025444Z"}]
[debug] [2026-06-19T23:16:36.623Z] <<< [apiv2][status] POST https://firestore.googleapis.com/v1/projects/preciojustopruebas2/databases/(default)/documents:commit 200
